<?xml version="1.0" encoding="UTF-8"?>
<!-- Generated by org.testng.reporters.JUnitReportReporter -->
<testsuite hostname="LAPTOP-6EQ6A31H" failures="0" tests="1" name="restAssuredTests.Demo_GetReq_validations" time="1.927" errors="0" timestamp="4 Apr 2021 08:19:00 GMT">
  <testcase classname="restAssuredTests.Demo_GetReq_validations" name="validate_getRequests" time="1.927"/>
</testsuite> <!-- restAssuredTests.Demo_GetReq_validations -->
