<?xml version="1.0" encoding="UTF-8"?>
<!-- Generated by org.testng.reporters.JUnitReportReporter -->
<testsuite hostname="LAPTOP-6EQ6A31H" failures="0" tests="1" name="restAssuredTests.Demo_deleteRequest" time="3.811" errors="0" timestamp="4 Apr 2021 07:40:35 GMT">
  <testcase classname="restAssuredTests.Demo_deleteRequest" name="deleteTest" time="3.811"/>
</testsuite> <!-- restAssuredTests.Demo_deleteRequest -->
