<?xml version="1.0" encoding="UTF-8"?>
<!-- Generated by org.testng.reporters.JUnitReportReporter -->
<testsuite hostname="LAPTOP-6EQ6A31H" failures="0" tests="1" name="restAssuredTests.Demo_PostRequest" time="3.078" errors="0" timestamp="16 Jun 2021 05:54:36 GMT">
  <testcase classname="restAssuredTests.Demo_PostRequest" name="testPostData" time="3.078"/>
</testsuite> <!-- restAssuredTests.Demo_PostRequest -->
