<?xml version="1.0" encoding="UTF-8"?>
<!-- Generated by org.testng.reporters.JUnitReportReporter -->
<testsuite hostname="LAPTOP-6EQ6A31H" failures="0" tests="5" name="restAssuredTests.Demo_getRequest" time="5.006" errors="0" timestamp="4 Apr 2021 07:46:59 GMT">
  <testcase classname="restAssuredTests.Demo_getRequest" name="getWeatherDetails" time="0.546"/>
  <testcase classname="restAssuredTests.Demo_getRequest" name="getWeatherDetails" time="0.560"/>
  <testcase classname="restAssuredTests.Demo_getRequest" name="getWeatherDetails" time="0.540"/>
  <testcase classname="restAssuredTests.Demo_getRequest" name="getWeatherDetails" time="0.518"/>
  <testcase classname="restAssuredTests.Demo_getRequest" name="getWeatherDetails" time="2.842"/>
</testsuite> <!-- restAssuredTests.Demo_getRequest -->
